* using log directory ‘/cloud/project/data.cleaner.Rcheck’
* using R version 4.2.2 (2022-10-31)
* using platform: x86_64-pc-linux-gnu (64-bit)
* using session charset: UTF-8
* checking for file ‘data.cleaner/DESCRIPTION’ ... OK
* this is package ‘data.cleaner’ version ‘0.0.0.9000’
* package encoding: UTF-8
* checking package namespace information ... OK
* checking package dependencies ... OK
* checking if this is a source package ... OK
* checking if there is a namespace ... OK
* checking for executable files ... OK
* checking for hidden files and directories ... OK
* checking for portable file names ... OK
* checking for sufficient/correct file permissions ... OK
* checking whether package ‘data.cleaner’ can be installed ... OK
* checking installed package size ... OK
* checking package directory ... OK
* checking DESCRIPTION meta-information ... OK
* checking top-level files ... OK
* checking for left-over files ... OK
* checking index information ... OK
* checking package subdirectories ... OK
* checking R files for non-ASCII characters ... OK
* checking R files for syntax errors ... OK
* checking whether the package can be loaded ... OK
* checking whether the package can be loaded with stated dependencies ... OK
* checking whether the package can be unloaded cleanly ... OK
* checking whether the namespace can be loaded with stated dependencies ... OK
* checking whether the namespace can be unloaded cleanly ... OK
* checking loading without being on the library search path ... OK
* checking dependencies in R code ... NOTE
Namespace in Imports field not imported from: ‘tidyverse’
  All declared Imports should be used.
* checking S3 generic/method consistency ... OK
* checking replacement functions ... OK
* checking foreign function calls ... OK
* checking R code for possible problems ... NOTE
data_cleaning: no visible global function definition for ‘%>%’
data_cleaning: no visible global function definition for ‘drop_na’
data_cleaning: no visible binding for global variable ‘d_c’
Undefined global functions or variables:
  %>% d_c drop_na
* checking Rd files ... OK
* checking Rd metadata ... OK
* checking Rd cross-references ... OK
* checking for missing documentation entries ... OK
* checking for code/documentation mismatches ... OK
* checking Rd \usage sections ... OK
* checking Rd contents ... OK
* checking for unstated dependencies in examples ... OK
* checking examples ... ERROR
Running examples in ‘data.cleaner-Ex.R’ failed
The error most likely occurred in:

> ### Name: data_cleaning
> ### Title: This function cleans all of the NA values from a data set.
> ### Aliases: data_cleaning
> 
> ### ** Examples
> 
> data_cleaning(dataset_name)
Error in data_cleaning(dataset_name) : 
  could not find function "data_cleaning"
Execution halted
* checking PDF version of manual ... OK
* DONE
Status: 1 ERROR, 2 NOTEs
