* using log directory ‘/cloud/project/clean.plot.Rcheck’
* using R version 4.2.2 (2022-10-31)
* using platform: x86_64-pc-linux-gnu (64-bit)
* using session charset: UTF-8
* using options ‘--no-manual --as-cran’
* checking for file ‘clean.plot/DESCRIPTION’ ... OK
* this is package ‘clean.plot’ version ‘0.0.0.9000’
* package encoding: UTF-8
* checking package namespace information ... OK
* checking package dependencies ... OK
* checking if this is a source package ... OK
* checking if there is a namespace ... OK
* checking for executable files ... OK
* checking for hidden files and directories ... OK
* checking for portable file names ... OK
* checking for sufficient/correct file permissions ... OK
* checking serialization versions ... OK
* checking whether package ‘clean.plot’ can be installed ... OK
* checking installed package size ... OK
* checking package directory ... OK
* checking for future file timestamps ... OK
* checking DESCRIPTION meta-information ... OK
* checking top-level files ... NOTE
Non-standard file/directory found at top level:
  ‘docs’
* checking for left-over files ... OK
* checking index information ... OK
* checking package subdirectories ... OK
* checking R files for non-ASCII characters ... OK
* checking R files for syntax errors ... OK
* checking whether the package can be loaded ... OK
* checking whether the package can be loaded with stated dependencies ... OK
* checking whether the package can be unloaded cleanly ... OK
* checking whether the namespace can be loaded with stated dependencies ... OK
* checking whether the namespace can be unloaded cleanly ... OK
* checking loading without being on the library search path ... OK
* checking dependencies in R code ... NOTE
Namespace in Imports field not imported from: ‘tidyverse’
  All declared Imports should be used.
* checking S3 generic/method consistency ... OK
* checking replacement functions ... OK
* checking foreign function calls ... OK
* checking R code for possible problems ... NOTE
create_plot: no visible global function definition for ‘read_csv’
create_plot: no visible global function definition for ‘%>%’
create_plot: no visible global function definition for ‘ggplot’
create_plot: no visible global function definition for ‘aes’
create_plot: no visible global function definition for ‘geom_point’
create_plot: no visible global function definition for ‘ggsave’
create_plot: no visible binding for global variable ‘x’
data_cleaning: no visible global function definition for ‘%>%’
data_cleaning: no visible global function definition for ‘drop_na’
data_cleaning: no visible binding for global variable ‘d_c’
Undefined global functions or variables:
  %>% aes d_c drop_na geom_point ggplot ggsave read_csv x
* checking Rd files ... OK
* checking Rd metadata ... OK
* checking Rd line widths ... OK
* checking Rd cross-references ... OK
* checking for missing documentation entries ... OK
* checking for code/documentation mismatches ... OK
* checking Rd \usage sections ... WARNING
Documented arguments not in \usage in documentation object 'data_cleaning':
  ‘savefile’ ‘x’ ‘y’

Functions with \usage entries need to have the appropriate \alias
entries, and all their arguments documented.
The \usage entries must correspond to syntactically valid R code.
See chapter ‘Writing R documentation files’ in the ‘Writing R
Extensions’ manual.
* checking Rd contents ... OK
* checking for unstated dependencies in examples ... OK
* checking files in ‘vignettes’ ... WARNING
Files in the 'vignettes' directory but no files in 'inst/doc':
  ‘PackageTutorial.Rmd’
Package has no Sweave vignette sources and no VignetteBuilder field.
* checking examples ... ERROR
Running examples in ‘clean.plot-Ex.R’ failed
The error most likely occurred in:

> base::assign(".ptime", proc.time(), pos = "CheckExEnv")
> ### Name: data_cleaning
> ### Title: This function cleans all of the NA values from a data set, as
> ###   well as creates a scatter plot using designated x and y values and
> ###   saves the plot to a file.
> ### Aliases: data_cleaning
> 
> ### ** Examples
> 
> data_cleaning(dataset_name)
Error in data_cleaning(dataset_name) : 
  could not find function "data_cleaning"
Execution halted
* checking for non-standard things in the check directory ... OK
* checking for detritus in the temp directory ... OK
* DONE
Status: 1 ERROR, 2 WARNINGs, 3 NOTEs
